<?xml version="1.0" encoding="UTF-8"?>
<!-- Generated by org.testng.reporters.JUnitReportReporter -->
<testsuite hostname="LAPTOP-0BSPJ38O" failures="0" tests="1" name="com.Facebook1.testcases.Loginpage5" time="91.594" errors="0" timestamp="2023-01-22T00:35:45 IST" skipped="0">
  <testcase classname="com.Facebook1.testcases.Loginpage5" name="VerifyL" time="91.594"/>
  <system-out/>
</testsuite> <!-- com.Facebook1.testcases.Loginpage5 -->
