<?xml version="1.0" encoding="UTF-8"?>
<!-- Generated by org.testng.reporters.JUnitReportReporter -->
<testsuite hostname="LAPTOP-0BSPJ38O" failures="0" tests="2" name="com.Facebook1.testcases.VerifyLoginTest" time="405.677" errors="0" timestamp="2023-01-30T23:33:33 IST" skipped="0">
  <testcase classname="com.Facebook1.testcases.VerifyLoginTest" name="VerifyLoginfb" time="143.823"/>
  <system-out/>
  <testcase classname="com.Facebook1.testcases.VerifyLoginTest" name="VerifyLoginfb" time="261.854"/>
  <system-out/>
</testsuite> <!-- com.Facebook1.testcases.VerifyLoginTest -->
